<?xml version="1.0" encoding="UTF-8"?>
<!-- Generated by org.testng.reporters.JUnitXMLReporter -->
<testsuite ignored="0" hostname="YCSLAP1132" failures="0" tests="2" name="Default test" time="37.231" errors="0" timestamp="2025-06-02T14:55:06 IST">
  <testcase classname="cogmentoCRM.Web.testcases.TC001_CreateNewContactTest" name="createNewContact" time="26.413"/>
  <testcase classname="cogmentoCRM.Web.testcases.TC001_CreateNewContactTest" name="editContact" time="1.242"/>
</testsuite> <!-- Default test -->
