<?xml version="1.0" encoding="UTF-8"?>
<!-- Generated by org.testng.reporters.JUnitXMLReporter -->
<testsuite ignored="0" hostname="YCSLAP1132" failures="0" tests="2" name="Regression Test" time="32.542" errors="0" timestamp="2025-06-12T12:47:35 IST">
  <testcase classname="cogmentoCRM.Web.testcases.CreateNewContactTest" name="createNewContact" time="19.25"/>
  <testcase classname="cogmentoCRM.Web.testcases.CreateNewContactTest" name="validateCreatedContact" time="3.192"/>
</testsuite> <!-- Regression Test -->
